#
# There is insufficient memory for the Java Runtime Environment to continue.
# Native memory allocation (mmap) failed to map 268435456 bytes for Failed to commit area from 0x0000000701c00000 to 0x0000000711c00000 of length 268435456.
# Possible reasons:
#   The system is out of physical RAM or swap space
#   The process is running with CompressedOops enabled, and the Java Heap may be blocking the growth of the native heap
# Possible solutions:
#   Reduce memory load on the system
#   Increase physical memory or swap space
#   Check if swap backing store is full
#   Decrease Java heap size (-Xmx/-Xms)
#   Decrease number of Java threads
#   Decrease Java thread stack sizes (-Xss)
#   Set larger code cache with -XX:ReservedCodeCacheSize=
# This output file may be truncated or incomplete.
#
#  Out of Memory Error (./src/hotspot/os/windows/os_windows.cpp:3511), pid=13568, tid=8100
#
# JRE version:  (11.0.11+9) (build )
# Java VM: OpenJDK 64-Bit Server VM (11.0.11+9-b1504.13, mixed mode, sharing, tiered, compressed oops, g1 gc, windows-amd64)
# No core dump will be written. Minidumps are not enabled by default on client versions of Windows
#

---------------  S U M M A R Y ------------

Command Line: git4idea.http.GitAskPassApp Username for 'https://github.com': 

Host: Intel(R) Core(TM) i5-4670 CPU @ 3.40GHz, 4 cores, 15G,  Windows 10 , 64 bit Build 19041 (10.0.19041.1645)
Time: Fri Apr 29 17:40:26 2022 E. Africa Standard Time elapsed time: 0.021826 seconds (0d 0h 0m 0s)

---------------  T H R E A D  ---------------

Current thread (0x00000230cbf34000):  JavaThread "Unknown thread" [_thread_in_vm, id=8100, stack(0x0000009408900000,0x0000009408a00000)]

Stack: [0x0000009408900000,0x0000009408a00000]
Native frames: (J=compiled Java code, j=interpreted, Vv=VM code, C=native code)
V  [jvm.dll+0x5f5d5a]
V  [jvm.dll+0x7798b5]
V  [jvm.dll+0x77aecd]
V  [jvm.dll+0x77b583]
V  [jvm.dll+0x244978]
V  [jvm.dll+0x5f3174]
V  [jvm.dll+0x5e7d55]
V  [jvm.dll+0x30068b]
V  [jvm.dll+0x3005fa]
V  [jvm.dll+0x3004d2]
V  [jvm.dll+0x3053c6]
V  [jvm.dll+0x34e0a3]
V  [jvm.dll+0x34e7a6]
V  [jvm.dll+0x34e1a3]
V  [jvm.dll+0x2db0c8]
V  [jvm.dll+0x2dc267]
V  [jvm.dll+0x758057]
V  [jvm.dll+0x75984c]
V  [jvm.dll+0x35b659]
V  [jvm.dll+0x73b67e]
V  [jvm.dll+0x3c39f3]
V  [jvm.dll+0x3c5dd1]
C  [jli.dll+0x5373]
C  [ucrtbase.dll+0x21bb2]
C  [KERNEL32.DLL+0x17034]
C  [ntdll.dll+0x52651]


---------------  P R O C E S S  ---------------

Threads class SMR info:
_java_thread_list=0x00000230c9d12bd0, length=0, elements={
}

Java Threads: ( => current thread )

Other Threads:
  0x00000230cbf4a000 GCTaskThread "GC Thread#0" [stack: 0x0000009408a00000,0x0000009408b00000] [id=17240]
  0x00000230cbfa6800 ConcurrentGCThread "G1 Main Marker" [stack: 0x0000009408b00000,0x0000009408c00000] [id=16624]
  0x00000230cbfa8000 ConcurrentGCThread "G1 Conc#0" [stack: 0x0000009408c00000,0x0000009408d00000] [id=12372]

[error occurred during error reporting (printing all threads), id 0xc0000005, EXCEPTION_ACCESS_VIOLATION (0xc0000005) at pc=0x00007ff8ecedb8f7]

VM state:not at safepoint (not fully initialized)

VM Mutex/Monitor currently owned by a thread:  ([mutex/lock_event])
[0x00000230cbf30830] Heap_lock - owner thread: 0x00000230cbf34000

Heap address: 0x0000000701c00000, size: 4068 MB, Compressed Oops mode: Non-zero based: 0x0000000701c00000
Narrow klass base: 0x0000000000000000, Narrow klass shift: 0

GC Heap History (0 events):
No events

Deoptimization events (0 events):
No events

Classes redefined (0 events):
No events

Internal exceptions (0 events):
No events

Events (1 events):
Event: 0.007 Loaded shared library C:\Program Files\JetBrains\PyCharm Community Edition 2021.2\jbr\bin\zip.dll


Dynamic libraries:
0x00007ff769d50000 - 0x00007ff769d5a000 	C:\Program Files\JetBrains\PyCharm Community Edition 2021.2\jbr\bin\java.exe
0x00007ff92ab30000 - 0x00007ff92ad25000 	C:\WINDOWS\SYSTEM32\ntdll.dll
0x00007ff92a880000 - 0x00007ff92a93e000 	C:\WINDOWS\System32\KERNEL32.DLL
0x00007ff928570000 - 0x00007ff928838000 	C:\WINDOWS\System32\KERNELBASE.dll
0x00007ff928a90000 - 0x00007ff928b90000 	C:\WINDOWS\System32\ucrtbase.dll
0x00007ff9212b0000 - 0x00007ff9212c7000 	C:\Program Files\JetBrains\PyCharm Community Edition 2021.2\jbr\bin\VCRUNTIME140.dll
0x00007ff91f720000 - 0x00007ff91f739000 	C:\Program Files\JetBrains\PyCharm Community Edition 2021.2\jbr\bin\jli.dll
0x00007ff92a940000 - 0x00007ff92aae0000 	C:\WINDOWS\System32\USER32.dll
0x00007ff928900000 - 0x00007ff928922000 	C:\WINDOWS\System32\win32u.dll
0x00007ff928c70000 - 0x00007ff928c9a000 	C:\WINDOWS\System32\GDI32.dll
0x00007ff914630000 - 0x00007ff9148ca000 	C:\WINDOWS\WinSxS\amd64_microsoft.windows.common-controls_6595b64144ccf1df_6.0.19041.1110_none_60b5254171f9507e\COMCTL32.dll
0x00007ff928410000 - 0x00007ff92851b000 	C:\WINDOWS\System32\gdi32full.dll
0x00007ff929e20000 - 0x00007ff929ebe000 	C:\WINDOWS\System32\msvcrt.dll
0x00007ff928370000 - 0x00007ff92840d000 	C:\WINDOWS\System32\msvcp_win.dll
0x00007ff928b90000 - 0x00007ff928bc0000 	C:\WINDOWS\System32\IMM32.DLL
0x00007ff8fa610000 - 0x00007ff8fa6ad000 	C:\Program Files\JetBrains\PyCharm Community Edition 2021.2\jbr\bin\msvcp140.dll
0x00007ff8ecbf0000 - 0x00007ff8ed73a000 	C:\Program Files\JetBrains\PyCharm Community Edition 2021.2\jbr\bin\server\jvm.dll
0x00007ff928ca0000 - 0x00007ff928d4e000 	C:\WINDOWS\System32\ADVAPI32.dll
0x00007ff9294b0000 - 0x00007ff92954c000 	C:\WINDOWS\System32\sechost.dll
0x00007ff929060000 - 0x00007ff929185000 	C:\WINDOWS\System32\RPCRT4.dll
0x00007ff928ea0000 - 0x00007ff928ea8000 	C:\WINDOWS\System32\PSAPI.DLL
0x00007ff924930000 - 0x00007ff924939000 	C:\WINDOWS\SYSTEM32\WSOCK32.dll
0x00007ff90d010000 - 0x00007ff90d037000 	C:\WINDOWS\SYSTEM32\WINMM.dll
0x00007ff929550000 - 0x00007ff9295bb000 	C:\WINDOWS\System32\WS2_32.dll
0x00007ff917a50000 - 0x00007ff917a5a000 	C:\WINDOWS\SYSTEM32\VERSION.dll
0x00007ff926080000 - 0x00007ff926092000 	C:\WINDOWS\SYSTEM32\kernel.appcore.dll
0x00007ff921540000 - 0x00007ff921551000 	C:\Program Files\JetBrains\PyCharm Community Edition 2021.2\jbr\bin\verify.dll
0x00007ff917420000 - 0x00007ff917604000 	C:\WINDOWS\SYSTEM32\DBGHELP.DLL
0x00007ff9173e0000 - 0x00007ff91740c000 	C:\WINDOWS\SYSTEM32\dbgcore.DLL
0x00007ff928840000 - 0x00007ff9288c2000 	C:\WINDOWS\System32\bcryptPrimitives.dll
0x00007ff920f20000 - 0x00007ff920f49000 	C:\Program Files\JetBrains\PyCharm Community Edition 2021.2\jbr\bin\java.dll
0x00007ff923350000 - 0x00007ff92335b000 	C:\Program Files\JetBrains\PyCharm Community Edition 2021.2\jbr\bin\jimage.dll
0x00007ff921450000 - 0x00007ff921468000 	C:\Program Files\JetBrains\PyCharm Community Edition 2021.2\jbr\bin\zip.dll

dbghelp: loaded successfully - version: 4.0.5 - missing functions: none
symbol engine: initialized successfully - sym options: 0x614 - pdb path: .;C:\Program Files\JetBrains\PyCharm Community Edition 2021.2\jbr\bin;C:\WINDOWS\SYSTEM32;C:\WINDOWS\WinSxS\amd64_microsoft.windows.common-controls_6595b64144ccf1df_6.0.19041.1110_none_60b5254171f9507e;C:\Program Files\JetBrains\PyCharm Community Edition 2021.2\jbr\bin\server

VM Arguments:
java_command: git4idea.http.GitAskPassApp Username for 'https://github.com': 
java_class_path (initial): C:/Program Files/JetBrains/PyCharm Community Edition 2021.2/plugins/git4idea/lib/git4idea-rt.jar;C:/Program Files/JetBrains/PyCharm Community Edition 2021.2/lib/3rd-party.jar
Launcher Type: SUN_STANDARD

[Global flags]
     intx CICompilerCount                          = 3                                         {product} {ergonomic}
     uint ConcGCThreads                            = 1                                         {product} {ergonomic}
     uint G1ConcRefinementThreads                  = 4                                         {product} {ergonomic}
   size_t G1HeapRegionSize                         = 1048576                                   {product} {ergonomic}
    uintx GCDrainStackTargetSize                   = 64                                        {product} {ergonomic}
   size_t InitialHeapSize                          = 268435456                                 {product} {ergonomic}
   size_t MarkStackSize                            = 4194304                                   {product} {ergonomic}
   size_t MaxHeapSize                              = 4265607168                                {product} {ergonomic}
   size_t MinHeapDeltaBytes                        = 1048576                                   {product} {ergonomic}
    uintx NonNMethodCodeHeapSize                   = 5830732                                {pd product} {ergonomic}
    uintx NonProfiledCodeHeapSize                  = 122913754                              {pd product} {ergonomic}
    uintx ProfiledCodeHeapSize                     = 122913754                              {pd product} {ergonomic}
    uintx ReservedCodeCacheSize                    = 251658240                              {pd product} {ergonomic}
     bool SegmentedCodeCache                       = true                                      {product} {ergonomic}
     bool UseCompressedClassPointers               = true                                 {lp64_product} {ergonomic}
     bool UseCompressedOops                        = true                                 {lp64_product} {ergonomic}
     bool UseG1GC                                  = true                                      {product} {ergonomic}
     bool UseLargePagesIndividualAllocation        = false                                  {pd product} {ergonomic}

Logging:
Log output configuration:
 #0: stdout all=warning uptime,level,tags
 #1: stderr all=off uptime,level,tags

Environment Variables:
JAVA_HOME=C:\Program Files\OpenJDK\openjdk-8u302-b08
PATH=C:\Program Files\Git\mingw64\libexec\git-core;C:\Program Files\Git\mingw64\libexec\git-core;C:\Program Files\Git\mingw64\bin;C:\Program Files\Git\usr\bin;C:\Users\Admin\bin;C:\Users\Admin\PycharmProjects\Python_stuff\venv\Scripts;C:\Program Files (x86)\NVIDIA Corporation\PhysX\Common;C:\WINDOWS\system32;C:\WINDOWS;C:\WINDOWS\System32\Wbem;C:\WINDOWS\System32\WindowsPowerShell\v1.0;C:\WINDOWS\System32\OpenSSH;C:\Program Files\Microsoft SQL Server\130\Tools\Binn;C:\Program Files\nodejs;C:\ProgramData\chocolatey\bin;C:\Users\Admin\AppData\Local\Android\Sdk\platform-tools;C:\Program Files\OpenJDK\openjdk-8u302-b08\bin;C:\Program Files\Git\cmd;C:\Program Files\Graphviz\bin\dot.exe;C:\Users\Admin\AppData\Local\Programs\Python\Python39\Scripts;C:\Users\Admin\AppData\Local\Programs\Python\Python39;C:\Program Files\MySQL\MySQL Shell 8.0\bin;C:\Users\Admin\AppData\Local\Microsoft\WindowsApps;C:\Program Files\JetBrains\PyCharm Community Edition 2021.2\bin;C:\Users\Admin\AppData\Roaming\npm;C:\Users\Admin\AppData\Local\Programs\Microsoft VS Code\bin;C:\Users\Admin\AppData\Local\Android\Sdk\platform-tools;C:\Program Files\Graphviz\bin
USERNAME=Admin
DISPLAY=:0.0
LC_ALL=en_US.UTF-8
OS=Windows_NT
PROCESSOR_IDENTIFIER=Intel64 Family 6 Model 60 Stepping 3, GenuineIntel



---------------  S Y S T E M  ---------------

OS: Windows 10 , 64 bit Build 19041 (10.0.19041.1645)
OS uptime: 4 days 18:05 hours

CPU:total 4 (initial active 4) (4 cores per cpu, 1 threads per core) family 6 model 60 stepping 3 microcode 0x28, cmov, cx8, fxsr, mmx, sse, sse2, sse3, ssse3, sse4.1, sse4.2, popcnt, avx, avx2, aes, clmul, erms, lzcnt, tsc, tscinvbit, bmi1, bmi2, fma

Memory: 4k page, system-wide physical 16269M (4582M free)
TotalPageFile size 19199M (AvailPageFile size 204M)
current process WorkingSet (physical memory assigned to process): 10M, peak: 10M
current process commit charge ("private bytes"): 52M, peak: 307M

vm_info: OpenJDK 64-Bit Server VM (11.0.11+9-b1504.13) for windows-amd64 JRE (11.0.11+9-b1504.13), built on Jul 18 2021 03:17:44 by "" with MS VC++ 14.0 (VS2015)

END.
